{"/home/thegranwil/Escritorio/VII ESPE/Distribuidas/Uni2/Parqueadero/tickets-service/src/app.module.ts": {"path":"/home/thegranwil/Escritorio/VII ESPE/Distribuidas/Uni2/Parqueadero/tickets-service/src/app.module.ts","statementMap":{"0":{"start":{"line":1,"column":0},"end":{"line":1,"column":40}},"1":{"start":{"line":2,"column":0},"end":{"line":2,"column":61}},"2":{"start":{"line":3,"column":0},"end":{"line":3,"column":48}},"3":{"start":{"line":4,"column":0},"end":{"line":4,"column":57}},"4":{"start":{"line":5,"column":0},"end":{"line":5,"column":58}},"5":{"start":{"line":31,"column":7},"end":{"line":31,"column":null}},"6":{"start":{"line":31,"column":13},"end":{"line":31,"column":22}},"7":{"start":{"line":31,"column":13},"end":{"line":31,"column":null}},"8":{"start":{"line":15,"column":53},"end":{"line":25,"column":8}}},"fnMap":{"0":{"name":"(anonymous_1)","decl":{"start":{"line":15,"column":18},"end":{"line":15,"column":19}},"loc":{"start":{"line":15,"column":53},"end":{"line":25,"column":8}}}},"branchMap":{},"s":{"0":0,"1":0,"2":0,"3":0,"4":0,"5":0,"6":0,"7":0,"8":0},"f":{"0":0},"b":{}}
,"/home/thegranwil/Escritorio/VII ESPE/Distribuidas/Uni2/Parqueadero/tickets-service/src/main.ts": {"path":"/home/thegranwil/Escritorio/VII ESPE/Distribuidas/Uni2/Parqueadero/tickets-service/src/main.ts","statementMap":{"0":{"start":{"line":1,"column":0},"end":{"line":1,"column":43}},"1":{"start":{"line":2,"column":0},"end":{"line":2,"column":41}},"2":{"start":{"line":3,"column":0},"end":{"line":3,"column":48}},"3":{"start":{"line":4,"column":0},"end":{"line":4,"column":65}},"4":{"start":{"line":7,"column":14},"end":{"line":7,"column":49}},"5":{"start":{"line":8,"column":2},"end":{"line":10,"column":4}},"6":{"start":{"line":12,"column":17},"end":{"line":23,"column":12}},"7":{"start":{"line":25,"column":19},"end":{"line":25,"column":60}},"8":{"start":{"line":26,"column":2},"end":{"line":26,"column":49}},"9":{"start":{"line":28,"column":2},"end":{"line":28,"column":45}},"10":{"start":{"line":30,"column":0},"end":{"line":30,"column":17}}},"fnMap":{"0":{"name":"bootstrap","decl":{"start":{"line":6,"column":15},"end":{"line":6,"column":24}},"loc":{"start":{"line":6,"column":24},"end":{"line":29,"column":1}}}},"branchMap":{"0":{"loc":{"start":{"line":28,"column":19},"end":{"line":28,"column":43}},"type":"binary-expr","locations":[{"start":{"line":28,"column":19},"end":{"line":28,"column":35}},{"start":{"line":28,"column":39},"end":{"line":28,"column":43}}]}},"s":{"0":0,"1":0,"2":0,"3":0,"4":0,"5":0,"6":0,"7":0,"8":0,"9":0,"10":0},"f":{"0":0},"b":{"0":[0,0]}}
,"/home/thegranwil/Escritorio/VII ESPE/Distribuidas/Uni2/Parqueadero/tickets-service/src/tickets/tickets-controller-swagger.ts": {"path":"/home/thegranwil/Escritorio/VII ESPE/Distribuidas/Uni2/Parqueadero/tickets-service/src/tickets/tickets-controller-swagger.ts","statementMap":{"0":{"start":{"line":1,"column":0},"end":{"line":1,"column":null}},"1":{"start":{"line":9,"column":0},"end":{"line":9,"column":79}},"2":{"start":{"line":10,"column":0},"end":{"line":10,"column":51}},"3":{"start":{"line":11,"column":0},"end":{"line":11,"column":58}},"4":{"start":{"line":15,"column":7},"end":{"line":61,"column":null}},"5":{"start":{"line":16,"column":31},"end":{"line":16,"column":47}},"6":{"start":{"line":32,"column":4},"end":{"line":32,"column":61}},"7":{"start":{"line":47,"column":4},"end":{"line":47,"column":56}},"8":{"start":{"line":53,"column":4},"end":{"line":53,"column":45}},"9":{"start":{"line":59,"column":4},"end":{"line":59,"column":43}},"10":{"start":{"line":15,"column":13},"end":{"line":15,"column":30}},"11":{"start":{"line":31,"column":2},"end":{"line":33,"column":null}},"12":{"start":{"line":46,"column":2},"end":{"line":48,"column":null}},"13":{"start":{"line":52,"column":2},"end":{"line":54,"column":null}},"14":{"start":{"line":58,"column":2},"end":{"line":60,"column":null}},"15":{"start":{"line":15,"column":13},"end":{"line":61,"column":null}}},"fnMap":{"0":{"name":"(anonymous_4)","decl":{"start":{"line":16,"column":2},"end":{"line":16,"column":31}},"loc":{"start":{"line":16,"column":61},"end":{"line":16,"column":65}}},"1":{"name":"(anonymous_5)","decl":{"start":{"line":31,"column":2},"end":{"line":31,"column":14}},"loc":{"start":{"line":31,"column":55},"end":{"line":33,"column":3}}},"2":{"name":"(anonymous_6)","decl":{"start":{"line":46,"column":2},"end":{"line":46,"column":16}},"loc":{"start":{"line":46,"column":52},"end":{"line":48,"column":3}}},"3":{"name":"(anonymous_7)","decl":{"start":{"line":52,"column":2},"end":{"line":52,"column":13}},"loc":{"start":{"line":52,"column":13},"end":{"line":54,"column":3}}},"4":{"name":"(anonymous_8)","decl":{"start":{"line":58,"column":2},"end":{"line":58,"column":9}},"loc":{"start":{"line":58,"column":33},"end":{"line":60,"column":3}}}},"branchMap":{},"s":{"0":0,"1":0,"2":0,"3":0,"4":0,"5":0,"6":0,"7":0,"8":0,"9":0,"10":0,"11":0,"12":0,"13":0,"14":0,"15":0},"f":{"0":0,"1":0,"2":0,"3":0,"4":0},"b":{}}
,"/home/thegranwil/Escritorio/VII ESPE/Distribuidas/Uni2/Parqueadero/tickets-service/src/tickets/tickets.controller.ts": {"path":"/home/thegranwil/Escritorio/VII ESPE/Distribuidas/Uni2/Parqueadero/tickets-service/src/tickets/tickets.controller.ts","statementMap":{"0":{"start":{"line":1,"column":0},"end":{"line":1,"column":null}},"1":{"start":{"line":10,"column":0},"end":{"line":10,"column":79}},"2":{"start":{"line":11,"column":0},"end":{"line":11,"column":51}},"3":{"start":{"line":12,"column":0},"end":{"line":12,"column":58}},"4":{"start":{"line":14,"column":0},"end":{"line":14,"column":62}},"5":{"start":{"line":15,"column":0},"end":{"line":15,"column":64}},"6":{"start":{"line":20,"column":7},"end":{"line":99,"column":null}},"7":{"start":{"line":21,"column":31},"end":{"line":21,"column":47}},"8":{"start":{"line":28,"column":4},"end":{"line":28,"column":61}},"9":{"start":{"line":36,"column":4},"end":{"line":36,"column":56}},"10":{"start":{"line":44,"column":4},"end":{"line":44,"column":63}},"11":{"start":{"line":52,"column":4},"end":{"line":52,"column":54}},"12":{"start":{"line":59,"column":4},"end":{"line":59,"column":45}},"13":{"start":{"line":68,"column":4},"end":{"line":68,"column":57}},"14":{"start":{"line":75,"column":4},"end":{"line":75,"column":55}},"15":{"start":{"line":82,"column":4},"end":{"line":82,"column":53}},"16":{"start":{"line":89,"column":4},"end":{"line":89,"column":56}},"17":{"start":{"line":97,"column":4},"end":{"line":97,"column":43}},"18":{"start":{"line":20,"column":13},"end":{"line":20,"column":30}},"19":{"start":{"line":27,"column":2},"end":{"line":29,"column":null}},"20":{"start":{"line":35,"column":2},"end":{"line":37,"column":null}},"21":{"start":{"line":43,"column":2},"end":{"line":45,"column":null}},"22":{"start":{"line":51,"column":2},"end":{"line":53,"column":null}},"23":{"start":{"line":58,"column":2},"end":{"line":60,"column":null}},"24":{"start":{"line":67,"column":2},"end":{"line":69,"column":null}},"25":{"start":{"line":74,"column":2},"end":{"line":76,"column":null}},"26":{"start":{"line":81,"column":2},"end":{"line":83,"column":null}},"27":{"start":{"line":88,"column":2},"end":{"line":90,"column":null}},"28":{"start":{"line":96,"column":2},"end":{"line":98,"column":null}},"29":{"start":{"line":20,"column":13},"end":{"line":99,"column":null}}},"fnMap":{"0":{"name":"(anonymous_4)","decl":{"start":{"line":21,"column":2},"end":{"line":21,"column":31}},"loc":{"start":{"line":21,"column":61},"end":{"line":21,"column":65}}},"1":{"name":"(anonymous_5)","decl":{"start":{"line":27,"column":2},"end":{"line":27,"column":14}},"loc":{"start":{"line":27,"column":55},"end":{"line":29,"column":3}}},"2":{"name":"(anonymous_6)","decl":{"start":{"line":35,"column":2},"end":{"line":35,"column":16}},"loc":{"start":{"line":35,"column":52},"end":{"line":37,"column":3}}},"3":{"name":"(anonymous_7)","decl":{"start":{"line":43,"column":2},"end":{"line":43,"column":14}},"loc":{"start":{"line":43,"column":59},"end":{"line":45,"column":3}}},"4":{"name":"(anonymous_8)","decl":{"start":{"line":51,"column":2},"end":{"line":51,"column":14}},"loc":{"start":{"line":51,"column":50},"end":{"line":53,"column":3}}},"5":{"name":"(anonymous_9)","decl":{"start":{"line":58,"column":2},"end":{"line":58,"column":13}},"loc":{"start":{"line":58,"column":13},"end":{"line":60,"column":3}}},"6":{"name":"(anonymous_10)","decl":{"start":{"line":67,"column":2},"end":{"line":67,"column":8}},"loc":{"start":{"line":67,"column":73},"end":{"line":69,"column":3}}},"7":{"name":"(anonymous_11)","decl":{"start":{"line":74,"column":2},"end":{"line":74,"column":17}},"loc":{"start":{"line":74,"column":49},"end":{"line":76,"column":3}}},"8":{"name":"(anonymous_12)","decl":{"start":{"line":81,"column":2},"end":{"line":81,"column":16}},"loc":{"start":{"line":81,"column":46},"end":{"line":83,"column":3}}},"9":{"name":"(anonymous_13)","decl":{"start":{"line":88,"column":2},"end":{"line":88,"column":18}},"loc":{"start":{"line":88,"column":56},"end":{"line":90,"column":3}}},"10":{"name":"(anonymous_14)","decl":{"start":{"line":96,"column":2},"end":{"line":96,"column":9}},"loc":{"start":{"line":96,"column":33},"end":{"line":98,"column":3}}}},"branchMap":{},"s":{"0":1,"1":1,"2":1,"3":1,"4":1,"5":1,"6":1,"7":12,"8":1,"9":1,"10":1,"11":1,"12":1,"13":2,"14":1,"15":1,"16":1,"17":1,"18":1,"19":1,"20":1,"21":1,"22":1,"23":1,"24":1,"25":1,"26":1,"27":1,"28":1,"29":1},"f":{"0":12,"1":1,"2":1,"3":1,"4":1,"5":1,"6":2,"7":1,"8":1,"9":1,"10":1},"b":{}}
,"/home/thegranwil/Escritorio/VII ESPE/Distribuidas/Uni2/Parqueadero/tickets-service/src/tickets/tickets.module.ts": {"path":"/home/thegranwil/Escritorio/VII ESPE/Distribuidas/Uni2/Parqueadero/tickets-service/src/tickets/tickets.module.ts","statementMap":{"0":{"start":{"line":1,"column":0},"end":{"line":1,"column":40}},"1":{"start":{"line":2,"column":0},"end":{"line":2,"column":48}},"2":{"start":{"line":3,"column":0},"end":{"line":3,"column":43}},"3":{"start":{"line":4,"column":0},"end":{"line":4,"column":51}},"4":{"start":{"line":5,"column":0},"end":{"line":5,"column":57}},"5":{"start":{"line":6,"column":0},"end":{"line":6,"column":50}},"6":{"start":{"line":13,"column":7},"end":{"line":13,"column":null}},"7":{"start":{"line":13,"column":13},"end":{"line":13,"column":26}},"8":{"start":{"line":13,"column":13},"end":{"line":13,"column":null}}},"fnMap":{},"branchMap":{},"s":{"0":0,"1":0,"2":0,"3":0,"4":0,"5":0,"6":0,"7":0,"8":0},"f":{},"b":{}}
,"/home/thegranwil/Escritorio/VII ESPE/Distribuidas/Uni2/Parqueadero/tickets-service/src/tickets/tickets.service.ts": {"path":"/home/thegranwil/Escritorio/VII ESPE/Distribuidas/Uni2/Parqueadero/tickets-service/src/tickets/tickets.service.ts","statementMap":{"0":{"start":{"line":1,"column":0},"end":{"line":1,"column":null}},"1":{"start":{"line":6,"column":0},"end":{"line":6,"column":51}},"2":{"start":{"line":7,"column":0},"end":{"line":7,"column":37}},"3":{"start":{"line":8,"column":0},"end":{"line":8,"column":44}},"4":{"start":{"line":9,"column":0},"end":{"line":9,"column":47}},"5":{"start":{"line":10,"column":0},"end":{"line":10,"column":38}},"6":{"start":{"line":11,"column":0},"end":{"line":11,"column":91}},"7":{"start":{"line":47,"column":7},"end":{"line":448,"column":null}},"8":{"start":{"line":54,"column":21},"end":{"line":54,"column":39}},"9":{"start":{"line":55,"column":21},"end":{"line":55,"column":34}},"10":{"start":{"line":56,"column":21},"end":{"line":56,"column":36}},"11":{"start":{"line":58,"column":4},"end":{"line":58,"column":78}},"12":{"start":{"line":59,"column":4},"end":{"line":59,"column":80}},"13":{"start":{"line":60,"column":4},"end":{"line":60,"column":72}},"14":{"start":{"line":64,"column":4},"end":{"line":73,"column":5}},"15":{"start":{"line":65,"column":18},"end":{"line":66,"column":null}},"16":{"start":{"line":68,"column":6},"end":{"line":68,"column":22}},"17":{"start":{"line":70,"column":6},"end":{"line":72,"column":8}},"18":{"start":{"line":77,"column":4},"end":{"line":86,"column":5}},"19":{"start":{"line":78,"column":18},"end":{"line":79,"column":null}},"20":{"start":{"line":81,"column":6},"end":{"line":81,"column":22}},"21":{"start":{"line":83,"column":6},"end":{"line":85,"column":8}},"22":{"start":{"line":90,"column":4},"end":{"line":106,"column":5}},"23":{"start":{"line":91,"column":18},"end":{"line":94,"column":null}},"24":{"start":{"line":96,"column":6},"end":{"line":100,"column":7}},"25":{"start":{"line":97,"column":8},"end":{"line":99,"column":10}},"26":{"start":{"line":102,"column":6},"end":{"line":102,"column":60}},"27":{"start":{"line":102,"column":48},"end":{"line":102,"column":60}},"28":{"start":{"line":103,"column":6},"end":{"line":105,"column":8}},"29":{"start":{"line":110,"column":4},"end":{"line":125,"column":5}},"30":{"start":{"line":111,"column":18},"end":{"line":112,"column":null}},"31":{"start":{"line":114,"column":6},"end":{"line":118,"column":7}},"32":{"start":{"line":115,"column":8},"end":{"line":117,"column":10}},"33":{"start":{"line":119,"column":6},"end":{"line":119,"column":22}},"34":{"start":{"line":121,"column":6},"end":{"line":121,"column":60}},"35":{"start":{"line":121,"column":48},"end":{"line":121,"column":60}},"36":{"start":{"line":122,"column":6},"end":{"line":124,"column":8}},"37":{"start":{"line":129,"column":4},"end":{"line":140,"column":5}},"38":{"start":{"line":130,"column":18},"end":{"line":133,"column":null}},"39":{"start":{"line":135,"column":6},"end":{"line":135,"column":22}},"40":{"start":{"line":137,"column":6},"end":{"line":139,"column":8}},"41":{"start":{"line":144,"column":28},"end":{"line":144,"column":46}},"42":{"start":{"line":145,"column":4},"end":{"line":147,"column":5}},"43":{"start":{"line":146,"column":6},"end":{"line":146,"column":38}},"44":{"start":{"line":148,"column":4},"end":{"line":150,"column":5}},"45":{"start":{"line":149,"column":6},"end":{"line":149,"column":36}},"46":{"start":{"line":151,"column":4},"end":{"line":151,"column":29}},"47":{"start":{"line":155,"column":4},"end":{"line":155,"column":27}},"48":{"start":{"line":155,"column":15},"end":{"line":155,"column":27}},"49":{"start":{"line":156,"column":28},"end":{"line":156,"column":46}},"50":{"start":{"line":157,"column":4},"end":{"line":159,"column":5}},"51":{"start":{"line":158,"column":6},"end":{"line":158,"column":36}},"52":{"start":{"line":160,"column":4},"end":{"line":162,"column":5}},"53":{"start":{"line":161,"column":6},"end":{"line":161,"column":39}},"54":{"start":{"line":163,"column":4},"end":{"line":163,"column":31}},"55":{"start":{"line":172,"column":24},"end":{"line":172,"column":27}},"56":{"start":{"line":175,"column":4},"end":{"line":179,"column":5}},"57":{"start":{"line":176,"column":6},"end":{"line":176,"column":26}},"58":{"start":{"line":177,"column":11},"end":{"line":179,"column":5}},"59":{"start":{"line":178,"column":6},"end":{"line":178,"column":26}},"60":{"start":{"line":182,"column":4},"end":{"line":186,"column":5}},"61":{"start":{"line":183,"column":6},"end":{"line":183,"column":27}},"62":{"start":{"line":184,"column":11},"end":{"line":186,"column":5}},"63":{"start":{"line":185,"column":6},"end":{"line":185,"column":27}},"64":{"start":{"line":188,"column":27},"end":{"line":188,"column":56}},"65":{"start":{"line":189,"column":4},"end":{"line":189,"column":74}},"66":{"start":{"line":194,"column":20},"end":{"line":194,"column":66}},"67":{"start":{"line":197,"column":21},"end":{"line":197,"column":66}},"68":{"start":{"line":198,"column":4},"end":{"line":198,"column":54}},"69":{"start":{"line":201,"column":4},"end":{"line":201,"column":51}},"70":{"start":{"line":204,"column":28},"end":{"line":204,"column":65}},"71":{"start":{"line":207,"column":25},"end":{"line":207,"column":85}},"72":{"start":{"line":208,"column":24},"end":{"line":208,"column":97}},"73":{"start":{"line":210,"column":19},"end":{"line":222,"column":6}},"74":{"start":{"line":224,"column":27},"end":{"line":224,"column":67}},"75":{"start":{"line":227,"column":4},"end":{"line":232,"column":24}},"76":{"start":{"line":232,"column":18},"end":{"line":232,"column":22}},"77":{"start":{"line":234,"column":4},"end":{"line":234,"column":26}},"78":{"start":{"line":238,"column":19},"end":{"line":240,"column":6}},"79":{"start":{"line":242,"column":4},"end":{"line":244,"column":5}},"80":{"start":{"line":243,"column":6},"end":{"line":243,"column":70}},"81":{"start":{"line":246,"column":4},"end":{"line":250,"column":5}},"82":{"start":{"line":247,"column":6},"end":{"line":249,"column":8}},"83":{"start":{"line":252,"column":28},"end":{"line":252,"column":38}},"84":{"start":{"line":253,"column":19},"end":{"line":253,"column":80}},"85":{"start":{"line":254,"column":26},"end":{"line":254,"column":51}},"86":{"start":{"line":257,"column":24},"end":{"line":257,"column":27}},"87":{"start":{"line":258,"column":4},"end":{"line":267,"column":5}},"88":{"start":{"line":259,"column":18},"end":{"line":260,"column":null}},"89":{"start":{"line":262,"column":6},"end":{"line":264,"column":7}},"90":{"start":{"line":263,"column":8},"end":{"line":263,"column":47}},"91":{"start":{"line":270,"column":27},"end":{"line":274,"column":null}},"92":{"start":{"line":277,"column":4},"end":{"line":277,"column":45}},"93":{"start":{"line":278,"column":4},"end":{"line":278,"column":41}},"94":{"start":{"line":279,"column":4},"end":{"line":279,"column":43}},"95":{"start":{"line":280,"column":4},"end":{"line":280,"column":40}},"96":{"start":{"line":282,"column":30},"end":{"line":282,"column":70}},"97":{"start":{"line":285,"column":4},"end":{"line":291,"column":5}},"98":{"start":{"line":286,"column":6},"end":{"line":290,"column":26}},"99":{"start":{"line":290,"column":20},"end":{"line":290,"column":24}},"100":{"start":{"line":293,"column":4},"end":{"line":293,"column":29}},"101":{"start":{"line":297,"column":19},"end":{"line":299,"column":6}},"102":{"start":{"line":301,"column":4},"end":{"line":303,"column":5}},"103":{"start":{"line":302,"column":6},"end":{"line":302,"column":74}},"104":{"start":{"line":305,"column":4},"end":{"line":309,"column":5}},"105":{"start":{"line":306,"column":6},"end":{"line":308,"column":8}},"106":{"start":{"line":311,"column":4},"end":{"line":315,"column":5}},"107":{"start":{"line":312,"column":6},"end":{"line":314,"column":8}},"108":{"start":{"line":317,"column":4},"end":{"line":321,"column":5}},"109":{"start":{"line":318,"column":6},"end":{"line":320,"column":8}},"110":{"start":{"line":323,"column":4},"end":{"line":327,"column":5}},"111":{"start":{"line":324,"column":6},"end":{"line":326,"column":8}},"112":{"start":{"line":329,"column":4},"end":{"line":329,"column":40}},"113":{"start":{"line":330,"column":4},"end":{"line":330,"column":60}},"114":{"start":{"line":332,"column":25},"end":{"line":332,"column":65}},"115":{"start":{"line":335,"column":4},"end":{"line":340,"column":24}},"116":{"start":{"line":340,"column":18},"end":{"line":340,"column":22}},"117":{"start":{"line":342,"column":4},"end":{"line":342,"column":24}},"118":{"start":{"line":346,"column":19},"end":{"line":348,"column":6}},"119":{"start":{"line":350,"column":4},"end":{"line":352,"column":5}},"120":{"start":{"line":351,"column":6},"end":{"line":351,"column":70}},"121":{"start":{"line":354,"column":4},"end":{"line":358,"column":5}},"122":{"start":{"line":355,"column":6},"end":{"line":357,"column":8}},"123":{"start":{"line":360,"column":4},"end":{"line":360,"column":41}},"124":{"start":{"line":361,"column":26},"end":{"line":361,"column":66}},"125":{"start":{"line":364,"column":4},"end":{"line":370,"column":5}},"126":{"start":{"line":365,"column":6},"end":{"line":369,"column":26}},"127":{"start":{"line":369,"column":20},"end":{"line":369,"column":24}},"128":{"start":{"line":373,"column":4},"end":{"line":378,"column":24}},"129":{"start":{"line":378,"column":18},"end":{"line":378,"column":22}},"130":{"start":{"line":380,"column":4},"end":{"line":380,"column":25}},"131":{"start":{"line":384,"column":4},"end":{"line":387,"column":7}},"132":{"start":{"line":391,"column":19},"end":{"line":391,"column":73}},"133":{"start":{"line":392,"column":4},"end":{"line":394,"column":5}},"134":{"start":{"line":393,"column":6},"end":{"line":393,"column":64}},"135":{"start":{"line":395,"column":4},"end":{"line":395,"column":18}},"136":{"start":{"line":399,"column":4},"end":{"line":401,"column":5}},"137":{"start":{"line":400,"column":6},"end":{"line":400,"column":62}},"138":{"start":{"line":402,"column":4},"end":{"line":405,"column":7}},"139":{"start":{"line":409,"column":4},"end":{"line":411,"column":5}},"140":{"start":{"line":410,"column":6},"end":{"line":410,"column":61}},"141":{"start":{"line":412,"column":4},"end":{"line":415,"column":7}},"142":{"start":{"line":419,"column":4},"end":{"line":423,"column":5}},"143":{"start":{"line":420,"column":6},"end":{"line":422,"column":8}},"144":{"start":{"line":425,"column":4},"end":{"line":433,"column":5}},"145":{"start":{"line":426,"column":6},"end":{"line":432,"column":9}},"146":{"start":{"line":435,"column":4},"end":{"line":437,"column":5}},"147":{"start":{"line":436,"column":6},"end":{"line":436,"column":46}},"148":{"start":{"line":439,"column":4},"end":{"line":439,"column":42}},"149":{"start":{"line":443,"column":4},"end":{"line":446,"column":7}},"150":{"start":{"line":47,"column":13},"end":{"line":47,"column":27}},"151":{"start":{"line":47,"column":13},"end":{"line":448,"column":null}}},"fnMap":{"0":{"name":"(anonymous_4)","decl":{"start":{"line":52,"column":2},"end":{"line":52,"column":null}},"loc":{"start":{"line":56,"column":49},"end":{"line":61,"column":3}}},"1":{"name":"(anonymous_5)","decl":{"start":{"line":63,"column":10},"end":{"line":63,"column":15}},"loc":{"start":{"line":63,"column":54},"end":{"line":74,"column":3}}},"2":{"name":"(anonymous_6)","decl":{"start":{"line":76,"column":10},"end":{"line":76,"column":15}},"loc":{"start":{"line":76,"column":53},"end":{"line":87,"column":3}}},"3":{"name":"(anonymous_7)","decl":{"start":{"line":89,"column":10},"end":{"line":89,"column":15}},"loc":{"start":{"line":89,"column":57},"end":{"line":107,"column":3}}},"4":{"name":"(anonymous_8)","decl":{"start":{"line":109,"column":10},"end":{"line":109,"column":15}},"loc":{"start":{"line":109,"column":54},"end":{"line":126,"column":3}}},"5":{"name":"(anonymous_9)","decl":{"start":{"line":128,"column":10},"end":{"line":128,"column":15}},"loc":{"start":{"line":128,"column":45},"end":{"line":141,"column":3}}},"6":{"name":"(anonymous_10)","decl":{"start":{"line":143,"column":10},"end":{"line":143,"column":25}},"loc":{"start":{"line":143,"column":38},"end":{"line":152,"column":3}}},"7":{"name":"(anonymous_11)","decl":{"start":{"line":154,"column":10},"end":{"line":154,"column":24}},"loc":{"start":{"line":154,"column":38},"end":{"line":164,"column":3}}},"8":{"name":"(anonymous_12)","decl":{"start":{"line":166,"column":10},"end":{"line":166,"column":32}},"loc":{"start":{"line":170,"column":35},"end":{"line":190,"column":3}}},"9":{"name":"(anonymous_13)","decl":{"start":{"line":192,"column":2},"end":{"line":192,"column":7}},"loc":{"start":{"line":192,"column":41},"end":{"line":235,"column":3}}},"10":{"name":"(anonymous_14)","decl":{"start":{"line":232,"column":12},"end":{"line":232,"column":15}},"loc":{"start":{"line":232,"column":18},"end":{"line":232,"column":22}}},"11":{"name":"(anonymous_15)","decl":{"start":{"line":237,"column":2},"end":{"line":237,"column":7}},"loc":{"start":{"line":237,"column":39},"end":{"line":294,"column":3}}},"12":{"name":"(anonymous_16)","decl":{"start":{"line":290,"column":14},"end":{"line":290,"column":17}},"loc":{"start":{"line":290,"column":20},"end":{"line":290,"column":24}}},"13":{"name":"(anonymous_17)","decl":{"start":{"line":296,"column":2},"end":{"line":296,"column":7}},"loc":{"start":{"line":296,"column":43},"end":{"line":343,"column":3}}},"14":{"name":"(anonymous_18)","decl":{"start":{"line":340,"column":12},"end":{"line":340,"column":15}},"loc":{"start":{"line":340,"column":18},"end":{"line":340,"column":22}}},"15":{"name":"(anonymous_19)","decl":{"start":{"line":345,"column":2},"end":{"line":345,"column":7}},"loc":{"start":{"line":345,"column":37},"end":{"line":381,"column":3}}},"16":{"name":"(anonymous_20)","decl":{"start":{"line":369,"column":14},"end":{"line":369,"column":17}},"loc":{"start":{"line":369,"column":20},"end":{"line":369,"column":24}}},"17":{"name":"(anonymous_21)","decl":{"start":{"line":378,"column":12},"end":{"line":378,"column":15}},"loc":{"start":{"line":378,"column":18},"end":{"line":378,"column":22}}},"18":{"name":"(anonymous_22)","decl":{"start":{"line":383,"column":2},"end":{"line":383,"column":7}},"loc":{"start":{"line":383,"column":19},"end":{"line":388,"column":3}}},"19":{"name":"(anonymous_23)","decl":{"start":{"line":390,"column":2},"end":{"line":390,"column":7}},"loc":{"start":{"line":390,"column":26},"end":{"line":396,"column":3}}},"20":{"name":"(anonymous_24)","decl":{"start":{"line":398,"column":2},"end":{"line":398,"column":7}},"loc":{"start":{"line":398,"column":38},"end":{"line":406,"column":3}}},"21":{"name":"(anonymous_25)","decl":{"start":{"line":408,"column":2},"end":{"line":408,"column":7}},"loc":{"start":{"line":408,"column":36},"end":{"line":416,"column":3}}},"22":{"name":"(anonymous_26)","decl":{"start":{"line":418,"column":2},"end":{"line":418,"column":7}},"loc":{"start":{"line":418,"column":35},"end":{"line":440,"column":3}}},"23":{"name":"(anonymous_27)","decl":{"start":{"line":442,"column":2},"end":{"line":442,"column":7}},"loc":{"start":{"line":442,"column":45},"end":{"line":447,"column":3}}}},"branchMap":{"0":{"loc":{"start":{"line":96,"column":6},"end":{"line":100,"column":7}},"type":"if","locations":[{"start":{"line":96,"column":6},"end":{"line":100,"column":7}}]},"1":{"loc":{"start":{"line":102,"column":6},"end":{"line":102,"column":60}},"type":"if","locations":[{"start":{"line":102,"column":6},"end":{"line":102,"column":60}}]},"2":{"loc":{"start":{"line":114,"column":6},"end":{"line":118,"column":7}},"type":"if","locations":[{"start":{"line":114,"column":6},"end":{"line":118,"column":7}}]},"3":{"loc":{"start":{"line":121,"column":6},"end":{"line":121,"column":60}},"type":"if","locations":[{"start":{"line":121,"column":6},"end":{"line":121,"column":60}}]},"4":{"loc":{"start":{"line":145,"column":4},"end":{"line":147,"column":5}},"type":"if","locations":[{"start":{"line":145,"column":4},"end":{"line":147,"column":5}}]},"5":{"loc":{"start":{"line":145,"column":8},"end":{"line":145,"column":83}},"type":"binary-expr","locations":[{"start":{"line":145,"column":8},"end":{"line":145,"column":47}},{"start":{"line":145,"column":51},"end":{"line":145,"column":83}}]},"6":{"loc":{"start":{"line":148,"column":4},"end":{"line":150,"column":5}},"type":"if","locations":[{"start":{"line":148,"column":4},"end":{"line":150,"column":5}}]},"7":{"loc":{"start":{"line":155,"column":4},"end":{"line":155,"column":27}},"type":"if","locations":[{"start":{"line":155,"column":4},"end":{"line":155,"column":27}}]},"8":{"loc":{"start":{"line":157,"column":4},"end":{"line":159,"column":5}},"type":"if","locations":[{"start":{"line":157,"column":4},"end":{"line":159,"column":5}}]},"9":{"loc":{"start":{"line":160,"column":4},"end":{"line":162,"column":5}},"type":"if","locations":[{"start":{"line":160,"column":4},"end":{"line":162,"column":5}}]},"10":{"loc":{"start":{"line":175,"column":4},"end":{"line":179,"column":5}},"type":"if","locations":[{"start":{"line":175,"column":4},"end":{"line":179,"column":5}},{"start":{"line":177,"column":11},"end":{"line":179,"column":5}}]},"11":{"loc":{"start":{"line":177,"column":11},"end":{"line":179,"column":5}},"type":"if","locations":[{"start":{"line":177,"column":11},"end":{"line":179,"column":5}}]},"12":{"loc":{"start":{"line":182,"column":4},"end":{"line":186,"column":5}},"type":"if","locations":[{"start":{"line":182,"column":4},"end":{"line":186,"column":5}},{"start":{"line":184,"column":11},"end":{"line":186,"column":5}}]},"13":{"loc":{"start":{"line":184,"column":11},"end":{"line":186,"column":5}},"type":"if","locations":[{"start":{"line":184,"column":11},"end":{"line":186,"column":5}}]},"14":{"loc":{"start":{"line":207,"column":46},"end":{"line":207,"column":84}},"type":"binary-expr","locations":[{"start":{"line":207,"column":46},"end":{"line":207,"column":67}},{"start":{"line":207,"column":71},"end":{"line":207,"column":84}}]},"15":{"loc":{"start":{"line":208,"column":44},"end":{"line":208,"column":96}},"type":"binary-expr","locations":[{"start":{"line":208,"column":44},"end":{"line":208,"column":72}},{"start":{"line":208,"column":76},"end":{"line":208,"column":96}}]},"16":{"loc":{"start":{"line":215,"column":18},"end":{"line":215,"column":40}},"type":"binary-expr","locations":[{"start":{"line":215,"column":18},"end":{"line":215,"column":32}},{"start":{"line":215,"column":36},"end":{"line":215,"column":40}}]},"17":{"loc":{"start":{"line":242,"column":4},"end":{"line":244,"column":5}},"type":"if","locations":[{"start":{"line":242,"column":4},"end":{"line":244,"column":5}}]},"18":{"loc":{"start":{"line":246,"column":4},"end":{"line":250,"column":5}},"type":"if","locations":[{"start":{"line":246,"column":4},"end":{"line":250,"column":5}}]},"19":{"loc":{"start":{"line":262,"column":6},"end":{"line":264,"column":7}},"type":"if","locations":[{"start":{"line":262,"column":6},"end":{"line":264,"column":7}}]},"20":{"loc":{"start":{"line":285,"column":4},"end":{"line":291,"column":5}},"type":"if","locations":[{"start":{"line":285,"column":4},"end":{"line":291,"column":5}}]},"21":{"loc":{"start":{"line":301,"column":4},"end":{"line":303,"column":5}},"type":"if","locations":[{"start":{"line":301,"column":4},"end":{"line":303,"column":5}}]},"22":{"loc":{"start":{"line":305,"column":4},"end":{"line":309,"column":5}},"type":"if","locations":[{"start":{"line":305,"column":4},"end":{"line":309,"column":5}}]},"23":{"loc":{"start":{"line":311,"column":4},"end":{"line":315,"column":5}},"type":"if","locations":[{"start":{"line":311,"column":4},"end":{"line":315,"column":5}}]},"24":{"loc":{"start":{"line":317,"column":4},"end":{"line":321,"column":5}},"type":"if","locations":[{"start":{"line":317,"column":4},"end":{"line":321,"column":5}}]},"25":{"loc":{"start":{"line":323,"column":4},"end":{"line":327,"column":5}},"type":"if","locations":[{"start":{"line":323,"column":4},"end":{"line":327,"column":5}}]},"26":{"loc":{"start":{"line":330,"column":24},"end":{"line":330,"column":59}},"type":"binary-expr","locations":[{"start":{"line":330,"column":24},"end":{"line":330,"column":38}},{"start":{"line":330,"column":42},"end":{"line":330,"column":59}}]},"27":{"loc":{"start":{"line":350,"column":4},"end":{"line":352,"column":5}},"type":"if","locations":[{"start":{"line":350,"column":4},"end":{"line":352,"column":5}}]},"28":{"loc":{"start":{"line":354,"column":4},"end":{"line":358,"column":5}},"type":"if","locations":[{"start":{"line":354,"column":4},"end":{"line":358,"column":5}}]},"29":{"loc":{"start":{"line":364,"column":4},"end":{"line":370,"column":5}},"type":"if","locations":[{"start":{"line":364,"column":4},"end":{"line":370,"column":5}}]},"30":{"loc":{"start":{"line":392,"column":4},"end":{"line":394,"column":5}},"type":"if","locations":[{"start":{"line":392,"column":4},"end":{"line":394,"column":5}}]},"31":{"loc":{"start":{"line":399,"column":4},"end":{"line":401,"column":5}},"type":"if","locations":[{"start":{"line":399,"column":4},"end":{"line":401,"column":5}}]},"32":{"loc":{"start":{"line":399,"column":8},"end":{"line":399,"column":45}},"type":"binary-expr","locations":[{"start":{"line":399,"column":8},"end":{"line":399,"column":15}},{"start":{"line":399,"column":19},"end":{"line":399,"column":45}}]},"33":{"loc":{"start":{"line":409,"column":4},"end":{"line":411,"column":5}},"type":"if","locations":[{"start":{"line":409,"column":4},"end":{"line":411,"column":5}}]},"34":{"loc":{"start":{"line":409,"column":8},"end":{"line":409,"column":43}},"type":"binary-expr","locations":[{"start":{"line":409,"column":8},"end":{"line":409,"column":14}},{"start":{"line":409,"column":18},"end":{"line":409,"column":43}}]},"35":{"loc":{"start":{"line":419,"column":4},"end":{"line":423,"column":5}},"type":"if","locations":[{"start":{"line":419,"column":4},"end":{"line":423,"column":5}}]},"36":{"loc":{"start":{"line":419,"column":8},"end":{"line":419,"column":33}},"type":"binary-expr","locations":[{"start":{"line":419,"column":8},"end":{"line":419,"column":19}},{"start":{"line":419,"column":23},"end":{"line":419,"column":33}}]},"37":{"loc":{"start":{"line":425,"column":4},"end":{"line":433,"column":5}},"type":"if","locations":[{"start":{"line":425,"column":4},"end":{"line":433,"column":5}}]},"38":{"loc":{"start":{"line":425,"column":8},"end":{"line":425,"column":31}},"type":"binary-expr","locations":[{"start":{"line":425,"column":8},"end":{"line":425,"column":18}},{"start":{"line":425,"column":22},"end":{"line":425,"column":31}}]},"39":{"loc":{"start":{"line":435,"column":4},"end":{"line":437,"column":5}},"type":"if","locations":[{"start":{"line":435,"column":4},"end":{"line":437,"column":5}}]}},"s":{"0":2,"1":2,"2":2,"3":2,"4":2,"5":2,"6":2,"7":2,"8":21,"9":21,"10":21,"11":21,"12":21,"13":21,"14":3,"15":3,"16":2,"17":1,"18":2,"19":2,"20":2,"21":0,"22":2,"23":2,"24":2,"25":1,"26":1,"27":1,"28":0,"29":1,"30":1,"31":1,"32":0,"33":1,"34":0,"35":0,"36":0,"37":1,"38":1,"39":1,"40":0,"41":1,"42":1,"43":0,"44":1,"45":0,"46":1,"47":1,"48":0,"49":1,"50":1,"51":0,"52":1,"53":0,"54":1,"55":6,"56":6,"57":1,"58":5,"59":1,"60":6,"61":1,"62":5,"63":1,"64":6,"65":6,"66":3,"67":2,"68":2,"69":1,"70":1,"71":1,"72":1,"73":1,"74":1,"75":1,"76":0,"77":1,"78":3,"79":3,"80":1,"81":2,"82":1,"83":1,"84":1,"85":1,"86":1,"87":1,"88":1,"89":1,"90":1,"91":1,"92":1,"93":1,"94":1,"95":1,"96":1,"97":1,"98":1,"99":0,"100":1,"101":3,"102":3,"103":0,"104":3,"105":0,"106":3,"107":1,"108":2,"109":0,"110":2,"111":1,"112":1,"113":1,"114":1,"115":1,"116":0,"117":1,"118":2,"119":2,"120":0,"121":2,"122":1,"123":1,"124":1,"125":1,"126":1,"127":0,"128":1,"129":0,"130":1,"131":1,"132":0,"133":0,"134":0,"135":0,"136":2,"137":1,"138":1,"139":2,"140":1,"141":1,"142":0,"143":0,"144":0,"145":0,"146":0,"147":0,"148":0,"149":0,"150":2,"151":2},"f":{"0":21,"1":3,"2":2,"3":2,"4":1,"5":1,"6":1,"7":1,"8":6,"9":3,"10":0,"11":3,"12":0,"13":3,"14":0,"15":2,"16":0,"17":0,"18":1,"19":0,"20":2,"21":2,"22":0,"23":0},"b":{"0":[1],"1":[1],"2":[0],"3":[0],"4":[0],"5":[1,1],"6":[0],"7":[0],"8":[0],"9":[0],"10":[1,5],"11":[1],"12":[1,5],"13":[1],"14":[1,0],"15":[1,0],"16":[1,1],"17":[1],"18":[1],"19":[1],"20":[1],"21":[0],"22":[0],"23":[1],"24":[0],"25":[1],"26":[1,1],"27":[0],"28":[1],"29":[1],"30":[0],"31":[1],"32":[2,1],"33":[1],"34":[2,1],"35":[0],"36":[0,0],"37":[0],"38":[0,0],"39":[0]}}
,"/home/thegranwil/Escritorio/VII ESPE/Distribuidas/Uni2/Parqueadero/tickets-service/src/tickets/dto/create-ticket-swagger.dto.ts": {"path":"/home/thegranwil/Escritorio/VII ESPE/Distribuidas/Uni2/Parqueadero/tickets-service/src/tickets/dto/create-ticket-swagger.dto.ts","statementMap":{"0":{"start":{"line":1,"column":0},"end":{"line":1,"column":55}},"1":{"start":{"line":2,"column":0},"end":{"line":2,"column":46}},"2":{"start":{"line":4,"column":0},"end":{"line":4,"column":13}},"3":{"start":{"line":8,"column":2},"end":{"line":8,"column":null}},"4":{"start":{"line":13,"column":2},"end":{"line":13,"column":null}},"5":{"start":{"line":21,"column":2},"end":{"line":21,"column":null}}},"fnMap":{},"branchMap":{},"s":{"0":0,"1":0,"2":0,"3":0,"4":0,"5":0},"f":{},"b":{}}
,"/home/thegranwil/Escritorio/VII ESPE/Distribuidas/Uni2/Parqueadero/tickets-service/src/tickets/dto/create-ticket.dto.ts": {"path":"/home/thegranwil/Escritorio/VII ESPE/Distribuidas/Uni2/Parqueadero/tickets-service/src/tickets/dto/create-ticket.dto.ts","statementMap":{"0":{"start":{"line":1,"column":0},"end":{"line":1,"column":75}},"1":{"start":{"line":2,"column":0},"end":{"line":2,"column":46}},"2":{"start":{"line":4,"column":0},"end":{"line":4,"column":13}},"3":{"start":{"line":11,"column":2},"end":{"line":11,"column":null}},"4":{"start":{"line":19,"column":2},"end":{"line":19,"column":null}},"5":{"start":{"line":27,"column":2},"end":{"line":27,"column":null}},"6":{"start":{"line":36,"column":2},"end":{"line":36,"column":null}}},"fnMap":{},"branchMap":{},"s":{"0":1,"1":1,"2":1,"3":1,"4":1,"5":1,"6":1},"f":{},"b":{}}
,"/home/thegranwil/Escritorio/VII ESPE/Distribuidas/Uni2/Parqueadero/tickets-service/src/tickets/dto/process-payment.dto.ts": {"path":"/home/thegranwil/Escritorio/VII ESPE/Distribuidas/Uni2/Parqueadero/tickets-service/src/tickets/dto/process-payment.dto.ts","statementMap":{"0":{"start":{"line":1,"column":0},"end":{"line":1,"column":80}},"1":{"start":{"line":2,"column":0},"end":{"line":2,"column":46}},"2":{"start":{"line":4,"column":0},"end":{"line":4,"column":13}},"3":{"start":{"line":11,"column":2},"end":{"line":11,"column":null}},"4":{"start":{"line":20,"column":2},"end":{"line":20,"column":null}},"5":{"start":{"line":29,"column":2},"end":{"line":29,"column":null}}},"fnMap":{},"branchMap":{},"s":{"0":1,"1":1,"2":1,"3":1,"4":1,"5":1},"f":{},"b":{}}
,"/home/thegranwil/Escritorio/VII ESPE/Distribuidas/Uni2/Parqueadero/tickets-service/src/tickets/dto/search-ticket.dto.ts": {"path":"/home/thegranwil/Escritorio/VII ESPE/Distribuidas/Uni2/Parqueadero/tickets-service/src/tickets/dto/search-ticket.dto.ts","statementMap":{"0":{"start":{"line":1,"column":0},"end":{"line":1,"column":55}},"1":{"start":{"line":2,"column":0},"end":{"line":2,"column":46}},"2":{"start":{"line":4,"column":0},"end":{"line":4,"column":13}},"3":{"start":{"line":12,"column":2},"end":{"line":12,"column":null}},"4":{"start":{"line":21,"column":2},"end":{"line":21,"column":null}}},"fnMap":{},"branchMap":{},"s":{"0":0,"1":0,"2":0,"3":0,"4":0},"f":{},"b":{}}
,"/home/thegranwil/Escritorio/VII ESPE/Distribuidas/Uni2/Parqueadero/tickets-service/src/tickets/dto/ticket-response.dto.ts": {"path":"/home/thegranwil/Escritorio/VII ESPE/Distribuidas/Uni2/Parqueadero/tickets-service/src/tickets/dto/ticket-response.dto.ts","statementMap":{"0":{"start":{"line":3,"column":0},"end":{"line":3,"column":13}}},"fnMap":{},"branchMap":{},"s":{"0":0},"f":{},"b":{}}
,"/home/thegranwil/Escritorio/VII ESPE/Distribuidas/Uni2/Parqueadero/tickets-service/src/tickets/entities/ticket.entity.ts": {"path":"/home/thegranwil/Escritorio/VII ESPE/Distribuidas/Uni2/Parqueadero/tickets-service/src/tickets/entities/ticket.entity.ts","statementMap":{"0":{"start":{"line":1,"column":0},"end":{"line":1,"column":null}},"1":{"start":{"line":10,"column":0},"end":{"line":10,"column":null}},"2":{"start":{"line":11,"column":2},"end":{"line":11,"column":null}},"3":{"start":{"line":12,"column":2},"end":{"line":12,"column":null}},"4":{"start":{"line":13,"column":2},"end":{"line":13,"column":null}},"5":{"start":{"line":16,"column":0},"end":{"line":16,"column":null}},"6":{"start":{"line":17,"column":2},"end":{"line":17,"column":null}},"7":{"start":{"line":18,"column":2},"end":{"line":18,"column":null}},"8":{"start":{"line":19,"column":2},"end":{"line":19,"column":null}},"9":{"start":{"line":22,"column":0},"end":{"line":22,"column":null}},"10":{"start":{"line":23,"column":2},"end":{"line":23,"column":null}},"11":{"start":{"line":24,"column":2},"end":{"line":24,"column":null}},"12":{"start":{"line":25,"column":2},"end":{"line":25,"column":null}},"13":{"start":{"line":34,"column":7},"end":{"line":104,"column":null}},"14":{"start":{"line":34,"column":13},"end":{"line":34,"column":19}},"15":{"start":{"line":36,"column":2},"end":{"line":36,"column":null}},"16":{"start":{"line":39,"column":2},"end":{"line":39,"column":null}},"17":{"start":{"line":42,"column":2},"end":{"line":42,"column":null}},"18":{"start":{"line":45,"column":2},"end":{"line":45,"column":null}},"19":{"start":{"line":48,"column":2},"end":{"line":48,"column":null}},"20":{"start":{"line":51,"column":2},"end":{"line":51,"column":null}},"21":{"start":{"line":54,"column":2},"end":{"line":54,"column":null}},"22":{"start":{"line":57,"column":2},"end":{"line":57,"column":null}},"23":{"start":{"line":65,"column":2},"end":{"line":65,"column":null}},"24":{"start":{"line":72,"column":2},"end":{"line":72,"column":null}},"25":{"start":{"line":75,"column":2},"end":{"line":75,"column":null}},"26":{"start":{"line":78,"column":2},"end":{"line":78,"column":null}},"27":{"start":{"line":81,"column":2},"end":{"line":81,"column":null}},"28":{"start":{"line":90,"column":2},"end":{"line":90,"column":null}},"29":{"start":{"line":97,"column":2},"end":{"line":97,"column":null}},"30":{"start":{"line":100,"column":2},"end":{"line":100,"column":null}},"31":{"start":{"line":103,"column":2},"end":{"line":103,"column":null}},"32":{"start":{"line":34,"column":13},"end":{"line":104,"column":null}}},"fnMap":{"0":{"name":"(anonymous_2)","decl":{"start":{"line":10,"column":0},"end":{"line":10,"column":12}},"loc":{"start":{"line":10,"column":24},"end":{"line":14,"column":1}}},"1":{"name":"(anonymous_3)","decl":{"start":{"line":16,"column":0},"end":{"line":16,"column":12}},"loc":{"start":{"line":16,"column":24},"end":{"line":20,"column":1}}},"2":{"name":"(anonymous_4)","decl":{"start":{"line":22,"column":0},"end":{"line":22,"column":12}},"loc":{"start":{"line":22,"column":23},"end":{"line":26,"column":1}}}},"branchMap":{"0":{"loc":{"start":{"line":10,"column":12},"end":{"line":10,"column":null}},"type":"binary-expr","locations":[{"start":{"line":10,"column":12},"end":{"line":10,"column":24}},{"start":{"line":10,"column":24},"end":{"line":10,"column":null}}]},"1":{"loc":{"start":{"line":16,"column":12},"end":{"line":16,"column":null}},"type":"binary-expr","locations":[{"start":{"line":16,"column":12},"end":{"line":16,"column":24}},{"start":{"line":16,"column":24},"end":{"line":16,"column":null}}]},"2":{"loc":{"start":{"line":22,"column":12},"end":{"line":22,"column":null}},"type":"binary-expr","locations":[{"start":{"line":22,"column":12},"end":{"line":22,"column":23}},{"start":{"line":22,"column":23},"end":{"line":22,"column":null}}]}},"s":{"0":2,"1":2,"2":2,"3":2,"4":2,"5":2,"6":2,"7":2,"8":2,"9":2,"10":2,"11":2,"12":2,"13":2,"14":2,"15":2,"16":2,"17":2,"18":2,"19":2,"20":2,"21":2,"22":2,"23":2,"24":2,"25":2,"26":2,"27":2,"28":2,"29":2,"30":2,"31":2,"32":2},"f":{"0":2,"1":2,"2":2},"b":{"0":[2,2],"1":[2,2],"2":[2,2]}}
}
