TN:
SF:src/app.module.ts
FN:15,(anonymous_1)
FNF:1
FNH:0
FNDA:0,(anonymous_1)
DA:1,0
DA:2,0
DA:3,0
DA:4,0
DA:5,0
DA:15,0
DA:31,0
LF:7
LH:0
BRF:0
BRH:0
end_of_record
TN:
SF:src/main.ts
FN:6,bootstrap
FNF:1
FNH:0
FNDA:0,bootstrap
DA:1,0
DA:2,0
DA:3,0
DA:4,0
DA:7,0
DA:8,0
DA:12,0
DA:25,0
DA:26,0
DA:28,0
DA:30,0
LF:11
LH:0
BRDA:28,0,0,0
BRDA:28,0,1,0
BRF:2
BRH:0
end_of_record
TN:
SF:src/tickets/tickets-controller-swagger.ts
FN:16,(anonymous_4)
FN:31,(anonymous_5)
FN:46,(anonymous_6)
FN:52,(anonymous_7)
FN:58,(anonymous_8)
FNF:5
FNH:0
FNDA:0,(anonymous_4)
FNDA:0,(anonymous_5)
FNDA:0,(anonymous_6)
FNDA:0,(anonymous_7)
FNDA:0,(anonymous_8)
DA:1,0
DA:9,0
DA:10,0
DA:11,0
DA:15,0
DA:16,0
DA:31,0
DA:32,0
DA:46,0
DA:47,0
DA:52,0
DA:53,0
DA:58,0
DA:59,0
LF:14
LH:0
BRF:0
BRH:0
end_of_record
TN:
SF:src/tickets/tickets.controller.ts
FN:21,(anonymous_4)
FN:27,(anonymous_5)
FN:35,(anonymous_6)
FN:43,(anonymous_7)
FN:51,(anonymous_8)
FN:58,(anonymous_9)
FN:67,(anonymous_10)
FN:74,(anonymous_11)
FN:81,(anonymous_12)
FN:88,(anonymous_13)
FN:96,(anonymous_14)
FNF:11
FNH:11
FNDA:12,(anonymous_4)
FNDA:1,(anonymous_5)
FNDA:1,(anonymous_6)
FNDA:1,(anonymous_7)
FNDA:1,(anonymous_8)
FNDA:1,(anonymous_9)
FNDA:2,(anonymous_10)
FNDA:1,(anonymous_11)
FNDA:1,(anonymous_12)
FNDA:1,(anonymous_13)
FNDA:1,(anonymous_14)
DA:1,1
DA:10,1
DA:11,1
DA:12,1
DA:14,1
DA:15,1
DA:20,1
DA:21,12
DA:27,1
DA:28,1
DA:35,1
DA:36,1
DA:43,1
DA:44,1
DA:51,1
DA:52,1
DA:58,1
DA:59,1
DA:67,1
DA:68,2
DA:74,1
DA:75,1
DA:81,1
DA:82,1
DA:88,1
DA:89,1
DA:96,1
DA:97,1
LF:28
LH:28
BRF:0
BRH:0
end_of_record
TN:
SF:src/tickets/tickets.module.ts
FNF:0
FNH:0
DA:1,0
DA:2,0
DA:3,0
DA:4,0
DA:5,0
DA:6,0
DA:13,0
LF:7
LH:0
BRF:0
BRH:0
end_of_record
TN:
SF:src/tickets/tickets.service.ts
FN:52,(anonymous_4)
FN:63,(anonymous_5)
FN:76,(anonymous_6)
FN:89,(anonymous_7)
FN:109,(anonymous_8)
FN:128,(anonymous_9)
FN:143,(anonymous_10)
FN:154,(anonymous_11)
FN:166,(anonymous_12)
FN:192,(anonymous_13)
FN:232,(anonymous_14)
FN:237,(anonymous_15)
FN:290,(anonymous_16)
FN:296,(anonymous_17)
FN:340,(anonymous_18)
FN:345,(anonymous_19)
FN:369,(anonymous_20)
FN:378,(anonymous_21)
FN:383,(anonymous_22)
FN:390,(anonymous_23)
FN:398,(anonymous_24)
FN:408,(anonymous_25)
FN:418,(anonymous_26)
FN:442,(anonymous_27)
FNF:24
FNH:16
FNDA:21,(anonymous_4)
FNDA:3,(anonymous_5)
FNDA:2,(anonymous_6)
FNDA:2,(anonymous_7)
FNDA:1,(anonymous_8)
FNDA:1,(anonymous_9)
FNDA:1,(anonymous_10)
FNDA:1,(anonymous_11)
FNDA:6,(anonymous_12)
FNDA:3,(anonymous_13)
FNDA:0,(anonymous_14)
FNDA:3,(anonymous_15)
FNDA:0,(anonymous_16)
FNDA:3,(anonymous_17)
FNDA:0,(anonymous_18)
FNDA:2,(anonymous_19)
FNDA:0,(anonymous_20)
FNDA:0,(anonymous_21)
FNDA:1,(anonymous_22)
FNDA:0,(anonymous_23)
FNDA:2,(anonymous_24)
FNDA:2,(anonymous_25)
FNDA:0,(anonymous_26)
FNDA:0,(anonymous_27)
DA:1,2
DA:6,2
DA:7,2
DA:8,2
DA:9,2
DA:10,2
DA:11,2
DA:47,2
DA:54,21
DA:55,21
DA:56,21
DA:58,21
DA:59,21
DA:60,21
DA:64,3
DA:65,3
DA:68,2
DA:70,1
DA:77,2
DA:78,2
DA:81,2
DA:83,0
DA:90,2
DA:91,2
DA:96,2
DA:97,1
DA:102,1
DA:103,0
DA:110,1
DA:111,1
DA:114,1
DA:115,0
DA:119,1
DA:121,0
DA:122,0
DA:129,1
DA:130,1
DA:135,1
DA:137,0
DA:144,1
DA:145,1
DA:146,0
DA:148,1
DA:149,0
DA:151,1
DA:155,1
DA:156,1
DA:157,1
DA:158,0
DA:160,1
DA:161,0
DA:163,1
DA:172,6
DA:175,6
DA:176,1
DA:177,5
DA:178,1
DA:182,6
DA:183,1
DA:184,5
DA:185,1
DA:188,6
DA:189,6
DA:194,3
DA:197,2
DA:198,2
DA:201,1
DA:204,1
DA:207,1
DA:208,1
DA:210,1
DA:224,1
DA:227,1
DA:232,0
DA:234,1
DA:238,3
DA:242,3
DA:243,1
DA:246,2
DA:247,1
DA:252,1
DA:253,1
DA:254,1
DA:257,1
DA:258,1
DA:259,1
DA:262,1
DA:263,1
DA:270,1
DA:277,1
DA:278,1
DA:279,1
DA:280,1
DA:282,1
DA:285,1
DA:286,1
DA:290,0
DA:293,1
DA:297,3
DA:301,3
DA:302,0
DA:305,3
DA:306,0
DA:311,3
DA:312,1
DA:317,2
DA:318,0
DA:323,2
DA:324,1
DA:329,1
DA:330,1
DA:332,1
DA:335,1
DA:340,0
DA:342,1
DA:346,2
DA:350,2
DA:351,0
DA:354,2
DA:355,1
DA:360,1
DA:361,1
DA:364,1
DA:365,1
DA:369,0
DA:373,1
DA:378,0
DA:380,1
DA:384,1
DA:391,0
DA:392,0
DA:393,0
DA:395,0
DA:399,2
DA:400,1
DA:402,1
DA:409,2
DA:410,1
DA:412,1
DA:419,0
DA:420,0
DA:425,0
DA:426,0
DA:435,0
DA:436,0
DA:439,0
DA:443,0
LF:147
LH:116
BRDA:96,0,0,1
BRDA:102,1,0,1
BRDA:114,2,0,0
BRDA:121,3,0,0
BRDA:145,4,0,0
BRDA:145,5,0,1
BRDA:145,5,1,1
BRDA:148,6,0,0
BRDA:155,7,0,0
BRDA:157,8,0,0
BRDA:160,9,0,0
BRDA:175,10,0,1
BRDA:175,10,1,5
BRDA:177,11,0,1
BRDA:182,12,0,1
BRDA:182,12,1,5
BRDA:184,13,0,1
BRDA:207,14,0,1
BRDA:207,14,1,0
BRDA:208,15,0,1
BRDA:208,15,1,0
BRDA:215,16,0,1
BRDA:215,16,1,1
BRDA:242,17,0,1
BRDA:246,18,0,1
BRDA:262,19,0,1
BRDA:285,20,0,1
BRDA:301,21,0,0
BRDA:305,22,0,0
BRDA:311,23,0,1
BRDA:317,24,0,0
BRDA:323,25,0,1
BRDA:330,26,0,1
BRDA:330,26,1,1
BRDA:350,27,0,0
BRDA:354,28,0,1
BRDA:364,29,0,1
BRDA:392,30,0,0
BRDA:399,31,0,1
BRDA:399,32,0,2
BRDA:399,32,1,1
BRDA:409,33,0,1
BRDA:409,34,0,2
BRDA:409,34,1,1
BRDA:419,35,0,0
BRDA:419,36,0,0
BRDA:419,36,1,0
BRDA:425,37,0,0
BRDA:425,38,0,0
BRDA:425,38,1,0
BRDA:435,39,0,0
BRF:51
BRH:30
end_of_record
TN:
SF:src/tickets/dto/create-ticket-swagger.dto.ts
FNF:0
FNH:0
DA:1,0
DA:2,0
DA:4,0
DA:8,0
DA:13,0
DA:21,0
LF:6
LH:0
BRF:0
BRH:0
end_of_record
TN:
SF:src/tickets/dto/create-ticket.dto.ts
FNF:0
FNH:0
DA:1,1
DA:2,1
DA:4,1
DA:11,1
DA:19,1
DA:27,1
DA:36,1
LF:7
LH:7
BRF:0
BRH:0
end_of_record
TN:
SF:src/tickets/dto/process-payment.dto.ts
FNF:0
FNH:0
DA:1,1
DA:2,1
DA:4,1
DA:11,1
DA:20,1
DA:29,1
LF:6
LH:6
BRF:0
BRH:0
end_of_record
TN:
SF:src/tickets/dto/search-ticket.dto.ts
FNF:0
FNH:0
DA:1,0
DA:2,0
DA:4,0
DA:12,0
DA:21,0
LF:5
LH:0
BRF:0
BRH:0
end_of_record
TN:
SF:src/tickets/dto/ticket-response.dto.ts
FNF:0
FNH:0
DA:3,0
LF:1
LH:0
BRF:0
BRH:0
end_of_record
TN:
SF:src/tickets/entities/ticket.entity.ts
FN:10,(anonymous_2)
FN:16,(anonymous_3)
FN:22,(anonymous_4)
FNF:3
FNH:3
FNDA:2,(anonymous_2)
FNDA:2,(anonymous_3)
FNDA:2,(anonymous_4)
DA:1,2
DA:10,2
DA:11,2
DA:12,2
DA:13,2
DA:16,2
DA:17,2
DA:18,2
DA:19,2
DA:22,2
DA:23,2
DA:24,2
DA:25,2
DA:34,2
DA:36,2
DA:39,2
DA:42,2
DA:45,2
DA:48,2
DA:51,2
DA:54,2
DA:57,2
DA:65,2
DA:72,2
DA:75,2
DA:78,2
DA:81,2
DA:90,2
DA:97,2
DA:100,2
DA:103,2
LF:31
LH:31
BRDA:10,0,0,2
BRDA:10,0,1,2
BRDA:16,1,0,2
BRDA:16,1,1,2
BRDA:22,2,0,2
BRDA:22,2,1,2
BRF:6
BRH:6
end_of_record
